xpdite/app/build/outputs/logs/manifest-merger-debug-report.txt
-- Merging decision tree log ---
manifest
ADDED from src\main\AndroidManifest.xml:2:1-135:12
	package
		ADDED from src\main\AndroidManifest.xml:3:5-30
		INJECTED from src\main\AndroidManifest.xml
		INJECTED from src\main\AndroidManifest.xml
	android:versionName
		ADDED from src\main\AndroidManifest.xml:5:5-30
		INJECTED from src\main\AndroidManifest.xml
		INJECTED from src\main\AndroidManifest.xml
	android:versionCode
		ADDED from src\main\AndroidManifest.xml:4:5-28
		INJECTED from src\main\AndroidManifest.xml
		INJECTED from src\main\AndroidManifest.xml
	xmlns:android
		ADDED from src\main\AndroidManifest.xml:2:11-69
uses-sdk
ADDED from src\main\AndroidManifest.xml:7:5-9:41
MERGED from [com.android.support:appcompat-v7:25.3.1] AndroidManifest.xml:21:5-23:78
MERGED from [com.android.support:support-v4:25.3.1] AndroidManifest.xml:21:5-23:54
MERGED from [com.android.support:support-fragment:25.3.1] AndroidManifest.xml:21:5-23:60
MERGED from [com.android.support:support-media-compat:25.3.1] AndroidManifest.xml:21:5-23:63
MERGED from [com.android.support:support-core-ui:25.3.1] AndroidManifest.xml:21:5-23:58
MERGED from [com.android.support:support-core-utils:25.3.1] AndroidManifest.xml:21:5-23:61
MERGED from [com.android.support:animated-vector-drawable:25.3.1] AndroidManifest.xml:20:5-44
MERGED from [com.android.support:support-vector-drawable:25.3.1] AndroidManifest.xml:20:5-43
MERGED from [com.android.support:support-compat:25.3.1] AndroidManifest.xml:21:5-23:58
MERGED from [com.android.support.constraint:constraint-layout:1.0.2] AndroidManifest.xml:5:5-7:41
	tools:overrideLibrary
		ADDED from [com.android.support:appcompat-v7:25.3.1] AndroidManifest.xml:23:9-75
	android:targetSdkVersion
		ADDED from src\main\AndroidManifest.xml:9:9-38
		INJECTED from src\main\AndroidManifest.xml
		INJECTED from src\main\AndroidManifest.xml
	android:minSdkVersion
		ADDED from src\main\AndroidManifest.xml:8:9-34
		INJECTED from src\main\AndroidManifest.xml
		INJECTED from src\main\AndroidManifest.xml
uses-permission#android.permission.INTERNET
ADDED from src\main\AndroidManifest.xml:11:5-67
	android:name
		ADDED from src\main\AndroidManifest.xml:11:22-64
uses-permission#android.permission.WAKE_LOCK
ADDED from src\main\AndroidManifest.xml:12:5-68
	android:name
		ADDED from src\main\AndroidManifest.xml:12:22-65
uses-permission#android.permission.READ_PHONE_STATE
ADDED from src\main\AndroidManifest.xml:13:5-75
	android:name
		ADDED from src\main\AndroidManifest.xml:13:22-72
uses-permission#android.permission.WRITE_EXTERNAL_STORAGE
ADDED from src\main\AndroidManifest.xml:14:5-81
	android:name
		ADDED from src\main\AndroidManifest.xml:14:22-78
uses-permission#android.permission.READ_EXTERNAL_STORAGE
ADDED from src\main\AndroidManifest.xml:15:5-80
	android:name
		ADDED from src\main\AndroidManifest.xml:15:22-77
application
ADDED from src\main\AndroidManifest.xml:17:5-133:19
MERGED from [com.android.support:appcompat-v7:25.3.1] AndroidManifest.xml:29:5-20
MERGED from [com.android.support:support-v4:25.3.1] AndroidManifest.xml:29:5-20
MERGED from [com.android.support:support-fragment:25.3.1] AndroidManifest.xml:29:5-20
MERGED from [com.android.support:support-media-compat:25.3.1] AndroidManifest.xml:29:5-20
MERGED from [com.android.support:support-core-ui:25.3.1] AndroidManifest.xml:29:5-20
MERGED from [com.android.support:support-core-utils:25.3.1] AndroidManifest.xml:29:5-20
MERGED from [com.android.support:animated-vector-drawable:25.3.1] AndroidManifest.xml:26:5-20
MERGED from [com.android.support:support-vector-drawable:25.3.1] AndroidManifest.xml:26:5-20
MERGED from [com.android.support:support-compat:25.3.1] AndroidManifest.xml:29:5-20
MERGED from [com.android.support.constraint:constraint-layout:1.0.2] AndroidManifest.xml:9:5-20
	android:label
		ADDED from src\main\AndroidManifest.xml:19:9-41
	android:icon
		ADDED from src\main\AndroidManifest.xml:18:9-41
	android:theme
		ADDED from src\main\AndroidManifest.xml:20:9-40
activity#com.expediteapp.FileExplore
ADDED from src\main\AndroidManifest.xml:21:9-30:20
	android:label
		ADDED from src\main\AndroidManifest.xml:23:13-45
	android:launchMode
		ADDED from src\main\AndroidManifest.xml:24:13-44
	android:name
		ADDED from src\main\AndroidManifest.xml:22:13-40
intent-filter#android.intent.action.MAIN+android.intent.category.DEFAULT
ADDED from src\main\AndroidManifest.xml:25:13-29:29
action#android.intent.action.MAIN
ADDED from src\main\AndroidManifest.xml:26:17-69
	android:name
		ADDED from src\main\AndroidManifest.xml:26:25-66
category#android.intent.category.DEFAULT
ADDED from src\main\AndroidManifest.xml:28:17-76
	android:name
		ADDED from src\main\AndroidManifest.xml:28:27-73
activity#com.expediteapp.ListActivity
ADDED from src\main\AndroidManifest.xml:31:9-34:47
	android:label
		ADDED from src\main\AndroidManifest.xml:33:13-56
	android:launchMode
		ADDED from src\main\AndroidManifest.xml:34:13-44
	android:name
		ADDED from src\main\AndroidManifest.xml:32:13-41
activity#com.expediteapp.ItemListActivity
ADDED from src\main\AndroidManifest.xml:35:9-44:20
	android:label
		ADDED from src\main\AndroidManifest.xml:37:13-61
	android:launchMode
		ADDED from src\main\AndroidManifest.xml:38:13-44
	android:name
		ADDED from src\main\AndroidManifest.xml:36:13-45
activity#com.expediteapp.SplashScreen
ADDED from src\main\AndroidManifest.xml:45:9-54:20
	android:label
		ADDED from src\main\AndroidManifest.xml:47:13-45
	android:launchMode
		ADDED from src\main\AndroidManifest.xml:48:13-44
	android:name
		ADDED from src\main\AndroidManifest.xml:46:13-41
intent-filter#android.intent.action.MAIN+android.intent.category.LAUNCHER
ADDED from src\main\AndroidManifest.xml:49:13-53:29
category#android.intent.category.LAUNCHER
ADDED from src\main\AndroidManifest.xml:52:17-77
	android:name
		ADDED from src\main\AndroidManifest.xml:52:27-74
activity#com.expediteapp.RegisterMobile
ADDED from src\main\AndroidManifest.xml:55:9-58:47
	android:label
		ADDED from src\main\AndroidManifest.xml:57:13-67
	android:launchMode
		ADDED from src\main\AndroidManifest.xml:58:13-44
	android:name
		ADDED from src\main\AndroidManifest.xml:56:13-43
activity#com.expediteapp.StudInfo
ADDED from src\main\AndroidManifest.xml:59:9-62:47
	android:label
		ADDED from src\main\AndroidManifest.xml:61:13-61
	android:launchMode
		ADDED from src\main\AndroidManifest.xml:62:13-44
	android:name
		ADDED from src\main\AndroidManifest.xml:60:13-37
activity#com.expediteapp.StudInfoItem
ADDED from src\main\AndroidManifest.xml:63:9-66:47
	android:label
		ADDED from src\main\AndroidManifest.xml:65:13-66
	android:launchMode
		ADDED from src\main\AndroidManifest.xml:66:13-44
	android:name
		ADDED from src\main\AndroidManifest.xml:64:13-41
activity#com.expediteapp.Exams
ADDED from src\main\AndroidManifest.xml:67:9-70:47
	android:label
		ADDED from src\main\AndroidManifest.xml:69:13-57
	android:launchMode
		ADDED from src\main\AndroidManifest.xml:70:13-44
	android:name
		ADDED from src\main\AndroidManifest.xml:68:13-34
activity#com.expediteapp.Items
ADDED from src\main\AndroidManifest.xml:71:9-74:47
	android:label
		ADDED from src\main\AndroidManifest.xml:73:13-62
	android:launchMode
		ADDED from src\main\AndroidManifest.xml:74:13-44
	android:name
		ADDED from src\main\AndroidManifest.xml:72:13-34
activity#com.expediteapp.Settings
ADDED from src\main\AndroidManifest.xml:75:9-78:47
	android:label
		ADDED from src\main\AndroidManifest.xml:77:13-60
	android:launchMode
		ADDED from src\main\AndroidManifest.xml:78:13-44
	android:name
		ADDED from src\main\AndroidManifest.xml:76:13-37
activity#com.expediteapp.SettingsItem
ADDED from src\main\AndroidManifest.xml:79:9-82:47
	android:label
		ADDED from src\main\AndroidManifest.xml:81:13-65
	android:launchMode
		ADDED from src\main\AndroidManifest.xml:82:13-44
	android:name
		ADDED from src\main\AndroidManifest.xml:80:13-41
activity#com.expediteapp.ViewProfile
ADDED from src\main\AndroidManifest.xml:83:9-86:47
	android:label
		ADDED from src\main\AndroidManifest.xml:85:13-64
	android:launchMode
		ADDED from src\main\AndroidManifest.xml:86:13-44
	android:name
		ADDED from src\main\AndroidManifest.xml:84:13-40
activity#com.expediteapp.ViewResult
ADDED from src\main\AndroidManifest.xml:87:9-90:47
	android:label
		ADDED from src\main\AndroidManifest.xml:89:13-63
	android:launchMode
		ADDED from src\main\AndroidManifest.xml:90:13-44
	android:name
		ADDED from src\main\AndroidManifest.xml:88:13-39
activity#com.expediteapp.Years
ADDED from src\main\AndroidManifest.xml:91:9-94:47
	android:label
		ADDED from src\main\AndroidManifest.xml:93:13-57
	android:launchMode
		ADDED from src\main\AndroidManifest.xml:94:13-44
	android:name
		ADDED from src\main\AndroidManifest.xml:92:13-34
activity#com.expediteapp.YearsItem
ADDED from src\main\AndroidManifest.xml:95:9-98:47
	android:label
		ADDED from src\main\AndroidManifest.xml:97:13-62
	android:launchMode
		ADDED from src\main\AndroidManifest.xml:98:13-44
	android:name
		ADDED from src\main\AndroidManifest.xml:96:13-38
activity#com.expediteapp.PhotoOptions
ADDED from src\main\AndroidManifest.xml:99:9-102:47
	android:label
		ADDED from src\main\AndroidManifest.xml:101:13-65
	android:launchMode
		ADDED from src\main\AndroidManifest.xml:102:13-44
	android:name
		ADDED from src\main\AndroidManifest.xml:100:13-41
activity#com.expediteapp.PhotoOptionItm
ADDED from src\main\AndroidManifest.xml:103:9-106:47
	android:label
		ADDED from src\main\AndroidManifest.xml:105:13-68
	android:launchMode
		ADDED from src\main\AndroidManifest.xml:106:13-44
	android:name
		ADDED from src\main\AndroidManifest.xml:104:13-43
activity#com.expediteapp.UseCam
ADDED from src\main\AndroidManifest.xml:107:9-111:47
	android:label
		ADDED from src\main\AndroidManifest.xml:110:13-59
	android:launchMode
		ADDED from src\main\AndroidManifest.xml:111:13-44
	android:configChanges
		ADDED from src\main\AndroidManifest.xml:109:13-63
	android:name
		ADDED from src\main\AndroidManifest.xml:108:13-35
activity#com.expediteapp.UseGallery
ADDED from src\main\AndroidManifest.xml:112:9-115:47
	android:label
		ADDED from src\main\AndroidManifest.xml:114:13-63
	android:launchMode
		ADDED from src\main\AndroidManifest.xml:115:13-44
	android:name
		ADDED from src\main\AndroidManifest.xml:113:13-39
activity#com.expediteapp.LoginActivity
ADDED from src\main\AndroidManifest.xml:116:9-119:47
	android:label
		ADDED from src\main\AndroidManifest.xml:118:13-57
	android:launchMode
		ADDED from src\main\AndroidManifest.xml:119:13-44
	android:name
		ADDED from src\main\AndroidManifest.xml:117:13-42
activity#com.expediteapp.UseMemory
ADDED from src\main\AndroidManifest.xml:120:9-123:47
	android:label
		ADDED from src\main\AndroidManifest.xml:122:13-62
	android:launchMode
		ADDED from src\main\AndroidManifest.xml:123:13-44
	android:name
		ADDED from src\main\AndroidManifest.xml:121:13-38
activity#com.expediteapp.Attendance
ADDED from src\main\AndroidManifest.xml:124:9-48
	android:name
		ADDED from src\main\AndroidManifest.xml:124:19-45
activity#com.expediteapp.Marks
ADDED from src\main\AndroidManifest.xml:125:9-43
	android:name
		ADDED from src\main\AndroidManifest.xml:125:19-40
activity#com.expediteapp.Handbook
ADDED from src\main\AndroidManifest.xml:126:9-46
	android:name
		ADDED from src\main\AndroidManifest.xml:126:19-43
activity#com.expediteapp.PastWeek
ADDED from src\main\AndroidManifest.xml:127:9-46
	android:name
		ADDED from src\main\AndroidManifest.xml:127:19-43
activity#com.expediteapp.Internal30marks
ADDED from src\main\AndroidManifest.xml:128:9-53
	android:name
		ADDED from src\main\AndroidManifest.xml:128:19-50
activity#com.expediteapp.Internal70Marks
ADDED from src\main\AndroidManifest.xml:129:9-53
	android:name
		ADDED from src\main\AndroidManifest.xml:129:19-50
activity#com.expediteapp.WeeklyAttendance
ADDED from src\main\AndroidManifest.xml:130:9-54
	android:name
		ADDED from src\main\AndroidManifest.xml:130:19-51
activity#com.expediteapp.FacultyDetails
ADDED from src\main\AndroidManifest.xml:131:9-52
	android:name
		ADDED from src\main\AndroidManifest.xml:131:19-49
activity#com.expediteapp.Timetable
ADDED from src\main\AndroidManifest.xml:132:9-56
	android:name
		ADDED from src\main\AndroidManifest.xml:132:19-44
meta-data#android.support.VERSION
ADDED from [com.android.support:appcompat-v7:25.3.1] AndroidManifest.xml:25:5-27:34
MERGED from [com.android.support:support-v4:25.3.1] AndroidManifest.xml:25:5-27:34
MERGED from [com.android.support:support-fragment:25.3.1] AndroidManifest.xml:25:5-27:34
MERGED from [com.android.support:support-media-compat:25.3.1] AndroidManifest.xml:25:5-27:34
MERGED from [com.android.support:support-core-ui:25.3.1] AndroidManifest.xml:25:5-27:34
MERGED from [com.android.support:support-core-utils:25.3.1] AndroidManifest.xml:25:5-27:34
MERGED from [com.android.support:animated-vector-drawable:25.3.1] AndroidManifest.xml:22:5-24:34
MERGED from [com.android.support:support-vector-drawable:25.3.1] AndroidManifest.xml:22:5-24:34
MERGED from [com.android.support:support-compat:25.3.1] AndroidManifest.xml:25:5-27:34
	android:value
		ADDED from [com.android.support:appcompat-v7:25.3.1] AndroidManifest.xml:27:9-31
	android:name
		ADDED from [com.android.support:appcompat-v7:25.3.1] AndroidManifest.xml:26:9-47